  [1m[35m (0.0ms)[0m  [1m[35mDROP TABLE IF EXISTS "users" CASCADE[0m
  [1m[35m (14.0ms)[0m  [1m[35mCREATE TABLE "users" ("id" bigserial primary key, "username" character varying NOT NULL, "email" character varying NOT NULL, "password_digest" character varying, "role" character varying DEFAULT 'user' NOT NULL, "last_login" timestamp, "created_at" timestamp NOT NULL, "updated_at" timestamp NOT NULL) ENGINE=InnoDB DEFAULT CHARSET=utf8[0m
  [1m[35m (68.0ms)[0m  [1m[35mCREATE TABLE "ar_internal_metadata" ("key" character varying NOT NULL PRIMARY KEY, "value" character varying, "created_at" timestamp NOT NULL, "updated_at" timestamp NOT NULL)[0m
  [1m[36mActiveRecord::InternalMetadata Load (1.0ms)[0m  [1m[34mSELECT  "ar_internal_metadata".* FROM "ar_internal_metadata" WHERE "ar_internal_metadata"."key" = $1 LIMIT $2[0m  [["key", "environment"], ["LIMIT", 1]]
  [1m[35m (0.0ms)[0m  [1m[35mBEGIN[0m
  [1m[35mSQL (1.0ms)[0m  [1m[32mINSERT INTO "ar_internal_metadata" ("key", "value", "created_at", "updated_at") VALUES ($1, $2, $3, $4) RETURNING "key"[0m  [["key", "environment"], ["value", "development"], ["created_at", "2018-08-16 03:18:27.862983"], ["updated_at", "2018-08-16 03:18:27.862983"]]
  [1m[35m (1.0ms)[0m  [1m[35mCOMMIT[0m
  [1m[35m (53.0ms)[0m  [1m[35mCREATE TABLE "ar_internal_metadata" ("key" character varying NOT NULL PRIMARY KEY, "value" character varying, "created_at" timestamp NOT NULL, "updated_at" timestamp NOT NULL)[0m
  [1m[36mActiveRecord::InternalMetadata Load (1.0ms)[0m  [1m[34mSELECT  "ar_internal_metadata".* FROM "ar_internal_metadata" WHERE "ar_internal_metadata"."key" = $1 LIMIT $2[0m  [["key", "environment"], ["LIMIT", 1]]
  [1m[35m (1.0ms)[0m  [1m[35mBEGIN[0m
  [1m[35mSQL (1.0ms)[0m  [1m[32mINSERT INTO "ar_internal_metadata" ("key", "value", "created_at", "updated_at") VALUES ($1, $2, $3, $4) RETURNING "key"[0m  [["key", "environment"], ["value", "test"], ["created_at", "2018-08-16 03:18:27.952988"], ["updated_at", "2018-08-16 03:18:27.952988"]]
  [1m[35m (0.0ms)[0m  [1m[35mCOMMIT[0m
  [1m[35m (67.0ms)[0m  [1m[35mCREATE TABLE "schema_migrations" ("version" character varying NOT NULL PRIMARY KEY)[0m
  [1m[35m (2.0ms)[0m  [1m[34mSELECT "schema_migrations"."version" FROM "schema_migrations" ORDER BY "schema_migrations"."version" ASC[0m
  [1m[35m (0.0ms)[0m  [1m[34mSELECT pg_try_advisory_lock(5216877400794060225)[0m
  [1m[35m (1.0ms)[0m  [1m[34mSELECT "schema_migrations"."version" FROM "schema_migrations" ORDER BY "schema_migrations"."version" ASC[0m
Migrating to CreateUsers (20171002173840)
  [1m[35m (0.0ms)[0m  [1m[35mBEGIN[0m
  [1m[35m (102.0ms)[0m  [1m[35mCREATE TABLE "users" ("id" bigserial primary key, "username" character varying NOT NULL, "email" character varying NOT NULL, "password_digest" character varying, "role" character varying DEFAULT 'user' NOT NULL, "last_login" timestamp, "created_at" timestamp NOT NULL, "updated_at" timestamp NOT NULL)[0m
  [1m[35m (36.0ms)[0m  [1m[35mCREATE  INDEX  "index_users_on_email" ON "users"  ("email")[0m
  [1m[35mSQL (1.0ms)[0m  [1m[32mINSERT INTO "schema_migrations" ("version") VALUES ($1) RETURNING "version"[0m  [["version", "20171002173840"]]
  [1m[35m (1.0ms)[0m  [1m[35mCOMMIT[0m
  [1m[36mActiveRecord::InternalMetadata Load (1.0ms)[0m  [1m[34mSELECT  "ar_internal_metadata".* FROM "ar_internal_metadata" WHERE "ar_internal_metadata"."key" = $1 LIMIT $2[0m  [["key", "environment"], ["LIMIT", 1]]
  [1m[35m (0.0ms)[0m  [1m[35mBEGIN[0m
  [1m[35m (0.0ms)[0m  [1m[35mCOMMIT[0m
  [1m[35m (1.0ms)[0m  [1m[34mSELECT pg_advisory_unlock(5216877400794060225)[0m
  [1m[35m (0.0ms)[0m  [1m[34mSELECT "schema_migrations"."version" FROM "schema_migrations" ORDER BY "schema_migrations"."version" ASC[0m
Started POST "/users" for 127.0.0.1 at 2018-08-15 22:20:15 -0500
  [1m[35m (0.0ms)[0m  [1m[34mSELECT "schema_migrations"."version" FROM "schema_migrations" ORDER BY "schema_migrations"."version" ASC[0m
  
ActionController::RoutingError (No route matches [POST] "/users"):
  
actionpack (5.1.6) lib/action_dispatch/middleware/debug_exceptions.rb:63:in `call'
actionpack (5.1.6) lib/action_dispatch/middleware/show_exceptions.rb:31:in `call'
railties (5.1.6) lib/rails/rack/logger.rb:36:in `call_app'
railties (5.1.6) lib/rails/rack/logger.rb:24:in `block in call'
activesupport (5.1.6) lib/active_support/tagged_logging.rb:69:in `block in tagged'
activesupport (5.1.6) lib/active_support/tagged_logging.rb:26:in `tagged'
activesupport (5.1.6) lib/active_support/tagged_logging.rb:69:in `tagged'
railties (5.1.6) lib/rails/rack/logger.rb:24:in `call'
actionpack (5.1.6) lib/action_dispatch/middleware/remote_ip.rb:79:in `call'
actionpack (5.1.6) lib/action_dispatch/middleware/request_id.rb:25:in `call'
rack (2.0.5) lib/rack/runtime.rb:22:in `call'
activesupport (5.1.6) lib/active_support/cache/strategy/local_cache_middleware.rb:27:in `call'
actionpack (5.1.6) lib/action_dispatch/middleware/executor.rb:12:in `call'
actionpack (5.1.6) lib/action_dispatch/middleware/static.rb:125:in `call'
rack (2.0.5) lib/rack/sendfile.rb:111:in `call'
railties (5.1.6) lib/rails/engine.rb:522:in `call'
puma (3.12.0) lib/puma/configuration.rb:225:in `call'
puma (3.12.0) lib/puma/server.rb:658:in `handle_request'
puma (3.12.0) lib/puma/server.rb:472:in `process_client'
puma (3.12.0) lib/puma/server.rb:332:in `block in run'
puma (3.12.0) lib/puma/thread_pool.rb:133:in `block in spawn_thread'
Started POST "/users/create" for 127.0.0.1 at 2018-08-15 22:20:56 -0500
Processing by UsersController#create as */*
  Parameters: {"user"=>{"name"=>"Luke Skywalker", "email"=>"luke@starwars.com", "password"=>"[FILTERED]", "password_confirmation"=>"[FILTERED]"}}
Unpermitted parameter: :name
  [1m[35m (1.0ms)[0m  [1m[35mBEGIN[0m
  [1m[36mUser Exists (1.0ms)[0m  [1m[34mSELECT  1 AS one FROM "users" WHERE "users"."email" = $1 LIMIT $2[0m  [["email", "luke@starwars.com"], ["LIMIT", 1]]
  [1m[36mUser Exists (0.0ms)[0m  [1m[34mSELECT  1 AS one FROM "users" WHERE "users"."username" = $1 LIMIT $2[0m  [["username", ""], ["LIMIT", 1]]
  [1m[35m (0.0ms)[0m  [1m[31mROLLBACK[0m
Completed 204 No Content in 1125ms (ActiveRecord: 9.0ms)


Started POST "/users/create" for 127.0.0.1 at 2018-08-15 22:22:41 -0500
Processing by UsersController#create as */*
  Parameters: {"user"=>{"name"=>"Luke Skywalker", "email"=>"luke@starwars.com", "password"=>"[FILTERED]", "password_confirmation"=>"[FILTERED]", "role"=>"admin"}}
Unpermitted parameters: :name, :role
  [1m[35m (0.0ms)[0m  [1m[35mBEGIN[0m
  [1m[36mUser Exists (0.0ms)[0m  [1m[34mSELECT  1 AS one FROM "users" WHERE "users"."email" = $1 LIMIT $2[0m  [["email", "luke@starwars.com"], ["LIMIT", 1]]
  [1m[36mUser Exists (0.0ms)[0m  [1m[34mSELECT  1 AS one FROM "users" WHERE "users"."username" = $1 LIMIT $2[0m  [["username", ""], ["LIMIT", 1]]
  [1m[35m (0.0ms)[0m  [1m[31mROLLBACK[0m
Completed 204 No Content in 84ms (ActiveRecord: 0.0ms)


Started POST "/users/create" for 127.0.0.1 at 2018-08-15 22:23:18 -0500
Processing by UsersController#create as */*
  Parameters: {"user"=>{"username"=>"Luke Skywalker", "email"=>"luke@starwars.com", "password"=>"[FILTERED]", "password_confirmation"=>"[FILTERED]", "role"=>"admin"}}
Unpermitted parameter: :role
  [1m[35m (0.0ms)[0m  [1m[35mBEGIN[0m
  [1m[36mUser Exists (1.0ms)[0m  [1m[34mSELECT  1 AS one FROM "users" WHERE "users"."email" = $1 LIMIT $2[0m  [["email", "luke@starwars.com"], ["LIMIT", 1]]
  [1m[36mUser Exists (0.0ms)[0m  [1m[34mSELECT  1 AS one FROM "users" WHERE "users"."username" = $1 LIMIT $2[0m  [["username", "luke skywalker"], ["LIMIT", 1]]
  [1m[35mSQL (0.0ms)[0m  [1m[32mINSERT INTO "users" ("username", "email", "password_digest", "created_at", "updated_at") VALUES ($1, $2, $3, $4, $5) RETURNING "id"[0m  [["username", "luke skywalker"], ["email", "luke@starwars.com"], ["password_digest", "$2a$10$6sqWpbSKgmLSY/vWLPfT1ejSIWp5.5xz8ilX5SRXKALkbznQat7Ka"], ["created_at", "2018-08-16 03:23:18.139586"], ["updated_at", "2018-08-16 03:23:18.139586"]]
  [1m[35m (1.0ms)[0m  [1m[35mCOMMIT[0m
[active_model_serializers] Rendered ActiveModel::Serializer::Null with Hash (0.0ms)
Completed 200 OK in 107ms (Views: 4.4ms | ActiveRecord: 2.0ms)


Started POST "/user_token" for 127.0.0.1 at 2018-08-15 22:24:02 -0500
Processing by UserTokenController#create as */*
  Parameters: {"auth"=>{"email"=>"luke@starwars.com", "password"=>"[FILTERED]"}, "user_token"=>{"auth"=>{"email"=>"luke@starwars.com", "password"=>"[FILTERED]"}}}
  [1m[36mUser Load (1.0ms)[0m  [1m[34mSELECT  "users".* FROM "users" WHERE "users"."email" = $1 LIMIT $2[0m  [["email", "luke@starwars.com"], ["LIMIT", 1]]
[active_model_serializers] Rendered ActiveModel::Serializer::Null with Knock::AuthToken (0.0ms)
Completed 201 Created in 86ms (Views: 1.9ms | ActiveRecord: 1.0ms)


